0 info it worked if it ends with ok
1 verbose cli [ '/usr/local/bin/node',
1 verbose cli   '/usr/local/bin/npm',
1 verbose cli   'run',
1 verbose cli   'deploy',
1 verbose cli   '--',
1 verbose cli   'getModel' ]
2 info using npm@3.10.10
3 info using node@v6.10.1
4 verbose run-script [ 'predeploy', 'deploy', 'postdeploy' ]
5 info lifecycle anchorsuite-api@1.0.0~predeploy: anchorsuite-api@1.0.0
6 silly lifecycle anchorsuite-api@1.0.0~predeploy: no script for predeploy, continuing
7 info lifecycle anchorsuite-api@1.0.0~deploy: anchorsuite-api@1.0.0
8 verbose lifecycle anchorsuite-api@1.0.0~deploy: unsafe-perm in lifecycle true
9 verbose lifecycle anchorsuite-api@1.0.0~deploy: PATH: /usr/local/lib/node_modules/npm/bin/node-gyp-bin:/Users/walker/Desktop/anchorsuite-api/node_modules/.bin:/Users/walker/google-cloud-sdk/bin:/opt/local/bin:/opt/local/sbin:/Users/walker/.rbenv/shims:/Library/Frameworks/Python.framework/Versions/3.6/bin:/Users/walker/.rvm/gems/ruby-2.4.0/bin:/Users/walker/.rvm/gems/ruby-2.4.0@global/bin:/Users/walker/.rvm/rubies/ruby-2.4.0/bin:/usr/local/bin:/usr/bin:/bin:/usr/sbin:/sbin:/Applications/Postgres.app/Contents/Versions/latest/bin:/Users/walker/.rvm/bin
10 verbose lifecycle anchorsuite-api@1.0.0~deploy: CWD: /Users/walker/Desktop/anchorsuite-api
11 silly lifecycle anchorsuite-api@1.0.0~deploy: Args: [ '-c', 'gcloud beta functions deploy "getModel"' ]
12 silly lifecycle anchorsuite-api@1.0.0~deploy: Returned: code: 2  signal: null
13 info lifecycle anchorsuite-api@1.0.0~deploy: Failed to exec deploy script
14 verbose stack Error: anchorsuite-api@1.0.0 deploy: `gcloud beta functions deploy "getModel"`
14 verbose stack Exit status 2
14 verbose stack     at EventEmitter.<anonymous> (/usr/local/lib/node_modules/npm/lib/utils/lifecycle.js:255:16)
14 verbose stack     at emitTwo (events.js:106:13)
14 verbose stack     at EventEmitter.emit (events.js:191:7)
14 verbose stack     at ChildProcess.<anonymous> (/usr/local/lib/node_modules/npm/lib/utils/spawn.js:40:14)
14 verbose stack     at emitTwo (events.js:106:13)
14 verbose stack     at ChildProcess.emit (events.js:191:7)
14 verbose stack     at maybeClose (internal/child_process.js:886:16)
14 verbose stack     at Process.ChildProcess._handle.onexit (internal/child_process.js:226:5)
15 verbose pkgid anchorsuite-api@1.0.0
16 verbose cwd /Users/walker/Desktop/anchorsuite-api
17 error Darwin 16.6.0
18 error argv "/usr/local/bin/node" "/usr/local/bin/npm" "run" "deploy" "--" "getModel"
19 error node v6.10.1
20 error npm  v3.10.10
21 error code ELIFECYCLE
22 error anchorsuite-api@1.0.0 deploy: `gcloud beta functions deploy "getModel"`
22 error Exit status 2
23 error Failed at the anchorsuite-api@1.0.0 deploy script 'gcloud beta functions deploy "getModel"'.
23 error Make sure you have the latest version of node.js and npm installed.
23 error If you do, this is most likely a problem with the anchorsuite-api package,
23 error not with npm itself.
23 error Tell the author that this fails on your system:
23 error     gcloud beta functions deploy "getModel"
23 error You can get information on how to open an issue for this project with:
23 error     npm bugs anchorsuite-api
23 error Or if that isn't available, you can get their info via:
23 error     npm owner ls anchorsuite-api
23 error There is likely additional logging output above.
24 verbose exit [ 1, true ]
